



   ---------------------------------------------------------------------------
     START OF THE SEQUENTIAL LEAST SQUARES PROGRAMMING ALGORIT  
   ---------------------------------------------------------------------------

     PARAMETERS:
        ACC =   0.1000D-05
        MAXITER =500
        IPRINT =   1
IOUT =  60


     ITER =    1     OBJ =  0.50000000E-01
     ITER =    2     OBJ =  0.19719789E+01
     ITER =    3     OBJ =  0.14404396E+01
     ITER =    4     OBJ =  0.14333872E+01
     ITER =    5     OBJ =  0.14097292E+01
     ITER =    6     OBJ =  0.14025104E+01
     ITER =    7     OBJ =  0.13966210E+01
     ITER =    8     OBJ =  0.13882566E+01
     ITER =    9     OBJ =  0.13749757E+01
     ITER =   10     OBJ =  0.13518540E+01
     ITER =   11     OBJ =  0.13010646E+01
     ITER =   12     OBJ =  0.12315319E+01
     ITER =   13     OBJ =  0.11230902E+01
     ITER =   14     OBJ =  0.10296526E+01
     ITER =   15     OBJ =  0.10333426E+01
     ITER =   16     OBJ =  0.10175220E+01
     ITER =   17     OBJ =  0.10028353E+01
     ITER =   18     OBJ =  0.99165429E+00
     ITER =   19     OBJ =  0.97732371E+00
     ITER =   20     OBJ =  0.97232445E+00
     ITER =   21     OBJ =  0.96299159E+00
     ITER =   22     OBJ =  0.95671847E+00
     ITER =   23     OBJ =  0.95382191E+00
     ITER =   24     OBJ =  0.94387069E+00
     ITER =   25     OBJ =  0.94325751E+00
     ITER =   26     OBJ =  0.93937922E+00
     ITER =   27     OBJ =  0.93161291E+00
     ITER =   28     OBJ =  0.93106422E+00
     ITER =   29     OBJ =  0.92776172E+00
     ITER =   30     OBJ =  0.91883293E+00
     ITER =   31     OBJ =  0.91835402E+00
     ITER =   32     OBJ =  0.91516650E+00
     ITER =   33     OBJ =  0.90201691E+00
     ITER =   34     OBJ =  0.90103934E+00
     ITER =   35     OBJ =  0.89452607E+00
     ITER =   36     OBJ =  0.89149707E+00
     ITER =   37     OBJ =  0.89106193E+00
     ITER =   38     OBJ =  0.88877783E+00
     ITER =   39     OBJ =  0.88674487E+00
     ITER =   40     OBJ =  0.88673794E+00
     ITER =   41     OBJ =  0.88666497E+00
     ITER =   42     OBJ =  0.88630027E+00
     ITER =   43     OBJ =  0.88465060E+00
     ITER =   44     OBJ =  0.88459072E+00
     ITER =   45     OBJ =  0.88427861E+00
     ITER =   46     OBJ =  0.88272163E+00
     ITER =   47     OBJ =  0.87503417E+00
     ITER =   48     OBJ =  0.87247082E+00
     ITER =   49     OBJ =  0.86885260E+00
     ITER =   50     OBJ =  0.86107270E+00
     ITER =   51     OBJ =  0.86085837E+00
     ITER =   52     OBJ =  0.86014896E+00
     ITER =   53     OBJ =  0.85661200E+00
     ITER =   54     OBJ =  0.84313079E+00
     ITER =   55     OBJ =  0.84077928E+00
     ITER =   56     OBJ =  0.83946161E+00
     ITER =   57     OBJ =  0.83944422E+00
     ITER =   58     OBJ =  0.83935015E+00
     ITER =   59     OBJ =  0.83888019E+00
     ITER =   60     OBJ =  0.83821724E+00
     ITER =   61     OBJ =  0.83811438E+00
     ITER =   62     OBJ =  0.83788686E+00
     ITER =   63     OBJ =  0.83747727E+00
     ITER =   64     OBJ =  0.83740654E+00
     ITER =   65     OBJ =  0.83707157E+00
     ITER =   66     OBJ =  0.83688578E+00
     ITER =   67     OBJ =  0.83684623E+00
     ITER =   68     OBJ =  0.83664813E+00
     ITER =   69     OBJ =  0.83619166E+00
     ITER =   70     OBJ =  0.83582189E+00
     ITER =   71     OBJ =  0.83579084E+00
     ITER =   72     OBJ =  0.83563412E+00
     ITER =   73     OBJ =  0.83485166E+00
     ITER =   74     OBJ =  0.83464328E+00
     ITER =   75     OBJ =  0.83443612E+00
     ITER =   76     OBJ =  0.83439035E+00
     ITER =   77     OBJ =  0.83433922E+00
     ITER =   78     OBJ =  0.83408371E+00
     ITER =   79     OBJ =  0.83287312E+00
     ITER =   80     OBJ =  0.83260941E+00
     ITER =   81     OBJ =  0.83249551E+00
     ITER =   82     OBJ =  0.83247925E+00
     ITER =   83     OBJ =  0.83239770E+00
     ITER =   84     OBJ =  0.83216041E+00
     ITER =   85     OBJ =  0.83133123E+00
     ITER =   86     OBJ =  0.83129445E+00
     ITER =   87     OBJ =  0.83128704E+00
     ITER =   88     OBJ =  0.83125891E+00
     ITER =   89     OBJ =  0.83125652E+00
     ITER =   90     OBJ =  0.83124445E+00
     ITER =   91     OBJ =  0.83118415E+00
     ITER =   92     OBJ =  0.83104785E+00
     ITER =   93     OBJ =  0.83088512E+00
     ITER =   94     OBJ =  0.83087743E+00
     ITER =   95     OBJ =  0.83083866E+00
     ITER =   96     OBJ =  0.83078896E+00
     ITER =   97     OBJ =  0.83066181E+00
     ITER =   98     OBJ =  0.83064725E+00
     ITER =   99     OBJ =  0.83057431E+00
     ITER =  100     OBJ =  0.83052369E+00
     ITER =  101     OBJ =  0.83044973E+00
     ITER =  102     OBJ =  0.83044582E+00
     ITER =  103     OBJ =  0.83043366E+00
     ITER =  104     OBJ =  0.83037290E+00
     ITER =  105     OBJ =  0.83006929E+00
     ITER =  106     OBJ =  0.82976774E+00
     ITER =  107     OBJ =  0.82922639E+00
        NUMBER OF FUNC-CALLS:  NFUNC = 124
        NUMBER OF GRAD-CALLS:  NGRAD = 108
